2015/05/16 12:38:15 [error] [exception.CException] exception 'CException' with message 'Property "CWebUser.db" is not defined.' in /var/www/html/yii-1.1.16/framework/base/CComponent.php:173
Stack trace:
#0 /var/www/html/yii-1.1.16/framework/web/auth/CWebUser.php(160): CComponent->__set('db', Array)
#1 /var/www/html/yii-1.1.16/framework/YiiBase.php(220): CWebUser->__set('db', Array)
#2 /var/www/html/yii-1.1.16/framework/base/CModule.php(393): YiiBase::createComponent(Array)
#3 /var/www/html/yii-1.1.16/framework/base/CModule.php(103): CModule->getComponent('user')
#4 /var/www/html/blog/protected/views/layouts/main.php(35): CModule->__get('user')
#5 /var/www/html/yii-1.1.16/framework/web/CBaseController.php(126): require('/var/www/html/b...')
#6 /var/www/html/yii-1.1.16/framework/web/CBaseController.php(95): CBaseController->renderInternal('/var/www/html/b...', Array, true)
#7 /var/www/html/yii-1.1.16/framework/web/widgets/CContentDecorator.php(76): CBaseController->renderFile('/var/www/html/b...', Array, true)
#8 /var/www/html/yii-1.1.16/framework/web/widgets/CContentDecorator.php(54): CContentDecorator->decorate('<div id="conten...')
#9 /var/www/html/yii-1.1.16/framework/web/widgets/COutputProcessor.php(44): CContentDecorator->processOutput('<div id="conten...')
#10 /var/www/html/yii-1.1.16/framework/web/CBaseController.php(214): COutputProcessor->run()
#11 /var/www/html/yii-1.1.16/framework/web/CBaseController.php(308): CBaseController->endWidget('CContentDecorat...')
#12 /var/www/html/blog/protected/views/layouts/column1.php(6): CBaseController->endContent()
#13 /var/www/html/yii-1.1.16/framework/web/CBaseController.php(126): require('/var/www/html/b...')
#14 /var/www/html/yii-1.1.16/framework/web/CBaseController.php(95): CBaseController->renderInternal('/var/www/html/b...', Array, true)
#15 /var/www/html/yii-1.1.16/framework/web/CController.php(784): CBaseController->renderFile('/var/www/html/b...', Array, true)
#16 /var/www/html/blog/protected/controllers/SiteController.php(32): CController->render('index')
#17 /var/www/html/yii-1.1.16/framework/web/actions/CInlineAction.php(49): SiteController->actionIndex()
#18 /var/www/html/yii-1.1.16/framework/web/CController.php(308): CInlineAction->runWithParams(Array)
#19 /var/www/html/yii-1.1.16/framework/web/CController.php(286): CController->runAction(Object(CInlineAction))
#20 /var/www/html/yii-1.1.16/framework/web/CController.php(265): CController->runActionWithFilters(Object(CInlineAction), Array)
#21 /var/www/html/yii-1.1.16/framework/web/CWebApplication.php(282): CController->run('index')
#22 /var/www/html/yii-1.1.16/framework/web/CWebApplication.php(141): CWebApplication->runController('site/index')
#23 /var/www/html/yii-1.1.16/framework/base/CApplication.php(184): CWebApplication->processRequest()
#24 /var/www/html/blog/index.php(13): CApplication->run()
#25 {main}
REQUEST_URI=/blog/index.php?r=site/index
HTTP_REFERER=http://localhost/blog/index.php?r=site/page&view=about
---
2015/05/16 12:52:54 [error] [exception.CException] exception 'CException' with message 'Property "CWebUser.db" is not defined.' in /var/www/html/yii-1.1.16/framework/base/CComponent.php:173
Stack trace:
#0 /var/www/html/yii-1.1.16/framework/web/auth/CWebUser.php(160): CComponent->__set('db', Array)
#1 /var/www/html/yii-1.1.16/framework/YiiBase.php(220): CWebUser->__set('db', Array)
#2 /var/www/html/yii-1.1.16/framework/base/CModule.php(393): YiiBase::createComponent(Array)
#3 /var/www/html/yii-1.1.16/framework/base/CModule.php(103): CModule->getComponent('user')
#4 /var/www/html/blog/protected/views/layouts/main.php(35): CModule->__get('user')
#5 /var/www/html/yii-1.1.16/framework/web/CBaseController.php(126): require('/var/www/html/b...')
#6 /var/www/html/yii-1.1.16/framework/web/CBaseController.php(95): CBaseController->renderInternal('/var/www/html/b...', Array, true)
#7 /var/www/html/yii-1.1.16/framework/web/widgets/CContentDecorator.php(76): CBaseController->renderFile('/var/www/html/b...', Array, true)
#8 /var/www/html/yii-1.1.16/framework/web/widgets/CContentDecorator.php(54): CContentDecorator->decorate('<div id="conten...')
#9 /var/www/html/yii-1.1.16/framework/web/widgets/COutputProcessor.php(44): CContentDecorator->processOutput('<div id="conten...')
#10 /var/www/html/yii-1.1.16/framework/web/CBaseController.php(214): COutputProcessor->run()
#11 /var/www/html/yii-1.1.16/framework/web/CBaseController.php(308): CBaseController->endWidget('CContentDecorat...')
#12 /var/www/html/blog/protected/views/layouts/column1.php(6): CBaseController->endContent()
#13 /var/www/html/yii-1.1.16/framework/web/CBaseController.php(126): require('/var/www/html/b...')
#14 /var/www/html/yii-1.1.16/framework/web/CBaseController.php(95): CBaseController->renderInternal('/var/www/html/b...', Array, true)
#15 /var/www/html/yii-1.1.16/framework/web/CController.php(784): CBaseController->renderFile('/var/www/html/b...', Array, true)
#16 /var/www/html/blog/protected/controllers/SiteController.php(32): CController->render('index')
#17 /var/www/html/yii-1.1.16/framework/web/actions/CInlineAction.php(49): SiteController->actionIndex()
#18 /var/www/html/yii-1.1.16/framework/web/CController.php(308): CInlineAction->runWithParams(Array)
#19 /var/www/html/yii-1.1.16/framework/web/CController.php(286): CController->runAction(Object(CInlineAction))
#20 /var/www/html/yii-1.1.16/framework/web/CController.php(265): CController->runActionWithFilters(Object(CInlineAction), Array)
#21 /var/www/html/yii-1.1.16/framework/web/CWebApplication.php(282): CController->run('')
#22 /var/www/html/yii-1.1.16/framework/web/CWebApplication.php(141): CWebApplication->runController('')
#23 /var/www/html/yii-1.1.16/framework/base/CApplication.php(184): CWebApplication->processRequest()
#24 /var/www/html/blog/index.php(13): CApplication->run()
#25 {main}
REQUEST_URI=/blog/index.php
---
2015/05/16 12:57:14 [error] [exception.CException] exception 'CException' with message 'Property "CWebUser.db" is not defined.' in /var/www/html/yii-1.1.16/framework/base/CComponent.php:173
Stack trace:
#0 /var/www/html/yii-1.1.16/framework/web/auth/CWebUser.php(160): CComponent->__set('db', Array)
#1 /var/www/html/yii-1.1.16/framework/YiiBase.php(220): CWebUser->__set('db', Array)
#2 /var/www/html/yii-1.1.16/framework/base/CModule.php(393): YiiBase::createComponent(Array)
#3 /var/www/html/yii-1.1.16/framework/base/CModule.php(103): CModule->getComponent('user')
#4 /var/www/html/blog/protected/views/layouts/main.php(35): CModule->__get('user')
#5 /var/www/html/yii-1.1.16/framework/web/CBaseController.php(126): require('/var/www/html/b...')
#6 /var/www/html/yii-1.1.16/framework/web/CBaseController.php(95): CBaseController->renderInternal('/var/www/html/b...', Array, true)
#7 /var/www/html/yii-1.1.16/framework/web/widgets/CContentDecorator.php(76): CBaseController->renderFile('/var/www/html/b...', Array, true)
#8 /var/www/html/yii-1.1.16/framework/web/widgets/CContentDecorator.php(54): CContentDecorator->decorate('<div id="conten...')
#9 /var/www/html/yii-1.1.16/framework/web/widgets/COutputProcessor.php(44): CContentDecorator->processOutput('<div id="conten...')
#10 /var/www/html/yii-1.1.16/framework/web/CBaseController.php(214): COutputProcessor->run()
#11 /var/www/html/yii-1.1.16/framework/web/CBaseController.php(308): CBaseController->endWidget('CContentDecorat...')
#12 /var/www/html/blog/protected/views/layouts/column1.php(6): CBaseController->endContent()
#13 /var/www/html/yii-1.1.16/framework/web/CBaseController.php(126): require('/var/www/html/b...')
#14 /var/www/html/yii-1.1.16/framework/web/CBaseController.php(95): CBaseController->renderInternal('/var/www/html/b...', Array, true)
#15 /var/www/html/yii-1.1.16/framework/web/CController.php(784): CBaseController->renderFile('/var/www/html/b...', Array, true)
#16 /var/www/html/blog/protected/controllers/SiteController.php(32): CController->render('index')
#17 /var/www/html/yii-1.1.16/framework/web/actions/CInlineAction.php(49): SiteController->actionIndex()
#18 /var/www/html/yii-1.1.16/framework/web/CController.php(308): CInlineAction->runWithParams(Array)
#19 /var/www/html/yii-1.1.16/framework/web/CController.php(286): CController->runAction(Object(CInlineAction))
#20 /var/www/html/yii-1.1.16/framework/web/CController.php(265): CController->runActionWithFilters(Object(CInlineAction), Array)
#21 /var/www/html/yii-1.1.16/framework/web/CWebApplication.php(282): CController->run('')
#22 /var/www/html/yii-1.1.16/framework/web/CWebApplication.php(141): CWebApplication->runController('')
#23 /var/www/html/yii-1.1.16/framework/base/CApplication.php(184): CWebApplication->processRequest()
#24 /var/www/html/blog/index.php(13): CApplication->run()
#25 {main}
REQUEST_URI=/blog/index.php
---
2015/05/16 12:58:29 [error] [exception.CDbException] exception 'CDbException' with message 'CDbConnection failed to open the DB connection: could not find driver' in /var/www/html/yii-1.1.16/framework/db/CDbConnection.php:399
Stack trace:
#0 /var/www/html/yii-1.1.16/framework/db/CDbConnection.php(347): CDbConnection->open()
#1 /var/www/html/yii-1.1.16/framework/db/CDbConnection.php(325): CDbConnection->setActive(true)
#2 /var/www/html/yii-1.1.16/framework/base/CModule.php(394): CDbConnection->init()
#3 /var/www/html/yii-1.1.16/framework/base/CModule.php(103): CModule->getComponent('db')
#4 /var/www/html/yii-1.1.16/framework/gii/generators/model/ModelCode.php(60): CModule->__get('db')
#5 /var/www/html/yii-1.1.16/framework/web/CFormModel.php(39): ModelCode->init()
#6 /var/www/html/yii-1.1.16/framework/gii/CCodeGenerator.php(153): CFormModel->__construct()
#7 /var/www/html/yii-1.1.16/framework/gii/CCodeGenerator.php(63): CCodeGenerator->prepare()
#8 /var/www/html/yii-1.1.16/framework/web/actions/CInlineAction.php(49): CCodeGenerator->actionIndex()
#9 /var/www/html/yii-1.1.16/framework/web/CController.php(308): CInlineAction->runWithParams(Array)
#10 /var/www/html/yii-1.1.16/framework/web/CController.php(286): CController->runAction(Object(CInlineAction))
#11 /var/www/html/yii-1.1.16/framework/web/CController.php(265): CController->runActionWithFilters(Object(CInlineAction), Array)
#12 /var/www/html/yii-1.1.16/framework/web/CWebApplication.php(282): CController->run('index')
#13 /var/www/html/yii-1.1.16/framework/web/CWebApplication.php(141): CWebApplication->runController('gii/model/index')
#14 /var/www/html/yii-1.1.16/framework/base/CApplication.php(184): CWebApplication->processRequest()
#15 /var/www/html/blog/index.php(13): CApplication->run()
#16 {main}
REQUEST_URI=/blog/index.php?r=gii/model/index
HTTP_REFERER=http://localhost/blog/index.php?r=gii/default/index
---
2015/05/16 12:58:43 [error] [exception.CDbException] exception 'CDbException' with message 'CDbConnection failed to open the DB connection: could not find driver' in /var/www/html/yii-1.1.16/framework/db/CDbConnection.php:399
Stack trace:
#0 /var/www/html/yii-1.1.16/framework/db/CDbConnection.php(347): CDbConnection->open()
#1 /var/www/html/yii-1.1.16/framework/db/CDbConnection.php(325): CDbConnection->setActive(true)
#2 /var/www/html/yii-1.1.16/framework/base/CModule.php(394): CDbConnection->init()
#3 /var/www/html/yii-1.1.16/framework/base/CModule.php(103): CModule->getComponent('db')
#4 /var/www/html/yii-1.1.16/framework/gii/generators/model/ModelCode.php(60): CModule->__get('db')
#5 /var/www/html/yii-1.1.16/framework/web/CFormModel.php(39): ModelCode->init()
#6 /var/www/html/yii-1.1.16/framework/gii/CCodeGenerator.php(153): CFormModel->__construct()
#7 /var/www/html/yii-1.1.16/framework/gii/CCodeGenerator.php(63): CCodeGenerator->prepare()
#8 /var/www/html/yii-1.1.16/framework/web/actions/CInlineAction.php(49): CCodeGenerator->actionIndex()
#9 /var/www/html/yii-1.1.16/framework/web/CController.php(308): CInlineAction->runWithParams(Array)
#10 /var/www/html/yii-1.1.16/framework/web/CController.php(286): CController->runAction(Object(CInlineAction))
#11 /var/www/html/yii-1.1.16/framework/web/CController.php(265): CController->runActionWithFilters(Object(CInlineAction), Array)
#12 /var/www/html/yii-1.1.16/framework/web/CWebApplication.php(282): CController->run('index')
#13 /var/www/html/yii-1.1.16/framework/web/CWebApplication.php(141): CWebApplication->runController('gii/model/index')
#14 /var/www/html/yii-1.1.16/framework/base/CApplication.php(184): CWebApplication->processRequest()
#15 /var/www/html/blog/index.php(13): CApplication->run()
#16 {main}
REQUEST_URI=/blog/index.php?r=gii/model/index
HTTP_REFERER=http://localhost/blog/index.php?r=gii/default/index
---
2015/05/16 13:01:21 [error] [exception.CException] exception 'CException' with message 'Property "CWebUser.db" is not defined.' in /var/www/html/yii-1.1.16/framework/base/CComponent.php:173
Stack trace:
#0 /var/www/html/yii-1.1.16/framework/web/auth/CWebUser.php(160): CComponent->__set('db', Array)
#1 /var/www/html/yii-1.1.16/framework/YiiBase.php(220): CWebUser->__set('db', Array)
#2 /var/www/html/yii-1.1.16/framework/base/CModule.php(393): YiiBase::createComponent(Array)
#3 /var/www/html/yii-1.1.16/framework/base/CModule.php(103): CModule->getComponent('user')
#4 /var/www/html/blog/protected/views/layouts/main.php(35): CModule->__get('user')
#5 /var/www/html/yii-1.1.16/framework/web/CBaseController.php(126): require('/var/www/html/b...')
#6 /var/www/html/yii-1.1.16/framework/web/CBaseController.php(95): CBaseController->renderInternal('/var/www/html/b...', Array, true)
#7 /var/www/html/yii-1.1.16/framework/web/widgets/CContentDecorator.php(76): CBaseController->renderFile('/var/www/html/b...', Array, true)
#8 /var/www/html/yii-1.1.16/framework/web/widgets/CContentDecorator.php(54): CContentDecorator->decorate('<div id="conten...')
#9 /var/www/html/yii-1.1.16/framework/web/widgets/COutputProcessor.php(44): CContentDecorator->processOutput('<div id="conten...')
#10 /var/www/html/yii-1.1.16/framework/web/CBaseController.php(214): COutputProcessor->run()
#11 /var/www/html/yii-1.1.16/framework/web/CBaseController.php(308): CBaseController->endWidget('CContentDecorat...')
#12 /var/www/html/blog/protected/views/layouts/column1.php(6): CBaseController->endContent()
#13 /var/www/html/yii-1.1.16/framework/web/CBaseController.php(126): require('/var/www/html/b...')
#14 /var/www/html/yii-1.1.16/framework/web/CBaseController.php(95): CBaseController->renderInternal('/var/www/html/b...', Array, true)
#15 /var/www/html/yii-1.1.16/framework/web/CController.php(784): CBaseController->renderFile('/var/www/html/b...', Array, true)
#16 /var/www/html/blog/protected/controllers/SiteController.php(32): CController->render('index')
#17 /var/www/html/yii-1.1.16/framework/web/actions/CInlineAction.php(49): SiteController->actionIndex()
#18 /var/www/html/yii-1.1.16/framework/web/CController.php(308): CInlineAction->runWithParams(Array)
#19 /var/www/html/yii-1.1.16/framework/web/CController.php(286): CController->runAction(Object(CInlineAction))
#20 /var/www/html/yii-1.1.16/framework/web/CController.php(265): CController->runActionWithFilters(Object(CInlineAction), Array)
#21 /var/www/html/yii-1.1.16/framework/web/CWebApplication.php(282): CController->run('')
#22 /var/www/html/yii-1.1.16/framework/web/CWebApplication.php(141): CWebApplication->runController('')
#23 /var/www/html/yii-1.1.16/framework/base/CApplication.php(184): CWebApplication->processRequest()
#24 /var/www/html/blog/index.php(13): CApplication->run()
#25 {main}
REQUEST_URI=/blog/index.php
---
2015/05/16 13:02:30 [error] [exception.CDbException] exception 'CDbException' with message 'CDbConnection failed to open the DB connection: could not find driver' in /var/www/html/yii-1.1.16/framework/db/CDbConnection.php:399
Stack trace:
#0 /var/www/html/yii-1.1.16/framework/db/CDbConnection.php(347): CDbConnection->open()
#1 /var/www/html/yii-1.1.16/framework/db/CDbConnection.php(325): CDbConnection->setActive(true)
#2 /var/www/html/yii-1.1.16/framework/base/CModule.php(394): CDbConnection->init()
#3 /var/www/html/yii-1.1.16/framework/base/CModule.php(103): CModule->getComponent('db')
#4 /var/www/html/yii-1.1.16/framework/gii/generators/model/ModelCode.php(60): CModule->__get('db')
#5 /var/www/html/yii-1.1.16/framework/web/CFormModel.php(39): ModelCode->init()
#6 /var/www/html/yii-1.1.16/framework/gii/CCodeGenerator.php(153): CFormModel->__construct()
#7 /var/www/html/yii-1.1.16/framework/gii/CCodeGenerator.php(63): CCodeGenerator->prepare()
#8 /var/www/html/yii-1.1.16/framework/web/actions/CInlineAction.php(49): CCodeGenerator->actionIndex()
#9 /var/www/html/yii-1.1.16/framework/web/CController.php(308): CInlineAction->runWithParams(Array)
#10 /var/www/html/yii-1.1.16/framework/web/CController.php(286): CController->runAction(Object(CInlineAction))
#11 /var/www/html/yii-1.1.16/framework/web/CController.php(265): CController->runActionWithFilters(Object(CInlineAction), Array)
#12 /var/www/html/yii-1.1.16/framework/web/CWebApplication.php(282): CController->run('index')
#13 /var/www/html/yii-1.1.16/framework/web/CWebApplication.php(141): CWebApplication->runController('gii/model/index')
#14 /var/www/html/yii-1.1.16/framework/base/CApplication.php(184): CWebApplication->processRequest()
#15 /var/www/html/blog/index.php(13): CApplication->run()
#16 {main}
REQUEST_URI=/blog/index.php?r=gii/model/index
HTTP_REFERER=http://localhost/blog/index.php?r=gii
---
2015/05/16 13:04:40 [error] [exception.CDbException] exception 'CDbException' with message 'CDbConnection failed to open the DB connection: SQLSTATE[42000] [1049] Unknown database 'testdrive'' in /var/www/html/yii-1.1.16/framework/db/CDbConnection.php:399
Stack trace:
#0 /var/www/html/yii-1.1.16/framework/db/CDbConnection.php(347): CDbConnection->open()
#1 /var/www/html/yii-1.1.16/framework/db/CDbConnection.php(325): CDbConnection->setActive(true)
#2 /var/www/html/yii-1.1.16/framework/base/CModule.php(394): CDbConnection->init()
#3 /var/www/html/yii-1.1.16/framework/base/CModule.php(103): CModule->getComponent('db')
#4 /var/www/html/yii-1.1.16/framework/gii/generators/model/ModelCode.php(60): CModule->__get('db')
#5 /var/www/html/yii-1.1.16/framework/web/CFormModel.php(39): ModelCode->init()
#6 /var/www/html/yii-1.1.16/framework/gii/CCodeGenerator.php(153): CFormModel->__construct()
#7 /var/www/html/yii-1.1.16/framework/gii/CCodeGenerator.php(63): CCodeGenerator->prepare()
#8 /var/www/html/yii-1.1.16/framework/web/actions/CInlineAction.php(49): CCodeGenerator->actionIndex()
#9 /var/www/html/yii-1.1.16/framework/web/CController.php(308): CInlineAction->runWithParams(Array)
#10 /var/www/html/yii-1.1.16/framework/web/CController.php(286): CController->runAction(Object(CInlineAction))
#11 /var/www/html/yii-1.1.16/framework/web/CController.php(265): CController->runActionWithFilters(Object(CInlineAction), Array)
#12 /var/www/html/yii-1.1.16/framework/web/CWebApplication.php(282): CController->run('index')
#13 /var/www/html/yii-1.1.16/framework/web/CWebApplication.php(141): CWebApplication->runController('gii/model/index')
#14 /var/www/html/yii-1.1.16/framework/base/CApplication.php(184): CWebApplication->processRequest()
#15 /var/www/html/blog/index.php(13): CApplication->run()
#16 {main}
REQUEST_URI=/blog/index.php?r=gii/model/index
HTTP_REFERER=http://localhost/blog/index.php?r=gii
---
